2025-05-17 13:07:31,983 - vector_store - INFO - Коллекция trends уже существует
2025-05-17 13:07:33,337 - test_analytics - INFO - TrendAnalyzer инициализирован
2025-05-17 13:07:33,337 - test_analytics - INFO - Обработка запроса: Расскажи про самые трендовые игры в 2025 и как они развиваются
2025-05-17 13:07:33,639 - vector_store - INFO - Начало поиска векторов
2025-05-17 13:07:33,639 - vector_store - INFO - Категория: Видеоигры
2025-05-17 13:07:33,640 - vector_store - INFO - Период: None - текущая дата
2025-05-17 13:07:33,640 - vector_store - INFO - Смещение: 0, Лимит: 100
2025-05-17 13:07:33,666 - vector_store - INFO - Найдено 30 результатов
2025-05-17 13:07:33,667 - test_analytics - ERROR - Ошибка при анализе трендов: time data 'Tue, 13 May 2025 07:49:00 +0300' does not match format '%Y-%m-%d'
2025-05-17 13:09:34,458 - vector_store - INFO - Коллекция trends уже существует
2025-05-17 13:09:35,618 - test_analytics - INFO - TrendAnalyzer инициализирован
2025-05-17 13:09:35,618 - test_analytics - INFO - Обработка запроса: Расскажи про самые трендовые игры в 2025 и как они развиваются
2025-05-17 13:09:35,645 - vector_store - INFO - Начало поиска векторов
2025-05-17 13:09:35,645 - vector_store - INFO - Категория: Видеоигры
2025-05-17 13:09:35,646 - vector_store - INFO - Период: 2024-01-01 00:00:00 - 2025-12-31 00:00:00
2025-05-17 13:09:35,646 - vector_store - INFO - Смещение: 0, Лимит: 100
2025-05-17 13:09:35,655 - vector_store - INFO - Найдено 0 результатов
2025-05-17 13:09:35,655 - test_analytics - INFO - Найдено материалов: 0
2025-05-17 13:11:32,117 - vector_store - INFO - Коллекция trends уже существует
2025-05-17 13:11:33,262 - test_analytics - INFO - TrendAnalyzer инициализирован
2025-05-17 13:11:33,263 - test_analytics - INFO - Обработка запроса: Расскажи про самые трендовые игры в 2025 и как они развиваются
2025-05-17 13:11:33,263 - test_analytics - INFO - Параметры поиска: категория=Видеоигры, период=2024-01-01 00:00:00 - 2025-12-31 00:00:00
2025-05-17 13:11:33,286 - test_analytics - INFO - Создан эмбеддинг для запроса, размерность: 384
2025-05-17 13:11:33,286 - vector_store - INFO - Начало поиска векторов
2025-05-17 13:11:33,287 - vector_store - INFO - Категория: Видеоигры
2025-05-17 13:11:33,287 - vector_store - INFO - Период: 2024-01-01 00:00:00 - 2025-12-31 00:00:00
2025-05-17 13:11:33,287 - vector_store - INFO - Смещение: 0, Лимит: 100
2025-05-17 13:11:33,294 - vector_store - INFO - Информация о коллекции: status=<CollectionStatus.GREEN: 'green'> optimizer_status=<OptimizersStatusOneOf.OK: 'ok'> vectors_count=None indexed_vectors_count=0 points_count=30 segments_count=8 config=CollectionConfig(params=CollectionParams(vectors=VectorParams(size=384, distance=<Distance.COSINE: 'Cosine'>, hnsw_config=None, quantization_config=None, on_disk=True, datatype=None, multivector_config=None), shard_number=1, sharding_method=None, replication_factor=1, write_consistency_factor=1, read_fan_out_factor=None, on_disk_payload=True, sparse_vectors=None), hnsw_config=HnswConfig(m=16, ef_construct=100, full_scan_threshold=10000, max_indexing_threads=0, on_disk=False, payload_m=None), optimizer_config=OptimizersConfig(deleted_threshold=0.2, vacuum_min_vector_number=1000, default_segment_number=0, max_segment_size=None, memmap_threshold=10000, indexing_threshold=0, flush_interval_sec=5, max_optimization_threads=None), wal_config=WalConfig(wal_capacity_mb=32, wal_segments_ahead=0), quantization_config=None, strict_mode_config=StrictModeConfigOutput(enabled=False, max_query_limit=None, max_timeout=None, unindexed_filtering_retrieve=None, unindexed_filtering_update=None, search_max_hnsw_ef=None, search_allow_exact=None, search_max_oversampling=None, upsert_max_batchsize=None, max_collection_vector_size_bytes=None, read_rate_limit=None, write_rate_limit=None, max_collection_payload_size_bytes=None, max_points_count=None, filter_max_conditions=None, condition_max_size=None, multivector_config=None, sparse_config=None)) payload_schema={}
2025-05-17 13:11:33,297 - vector_store - INFO - Добавлен фильтр по категории: Видеоигры
2025-05-17 13:11:33,297 - vector_store - INFO - Добавлен фильтр по начальной дате: 2024-01-01 00:00:00
2025-05-17 13:11:33,297 - vector_store - INFO - Добавлен фильтр по конечной дате: 2025-12-31 23:59:59
2025-05-17 13:11:33,297 - vector_store - INFO - Выполняем поиск в Qdrant...
2025-05-17 13:11:33,304 - vector_store - INFO - Получено результатов от Qdrant: 0
2025-05-17 13:11:33,304 - vector_store - INFO - Найдено 0 результатов
2025-05-17 13:11:33,305 - test_analytics - INFO - Найдено материалов: 0
2025-05-17 13:11:33,305 - test_analytics - WARNING - Не найдено материалов для анализа
