2025-05-19 15:21:11,115 - vector_store - INFO - Коллекция trends уже существует
2025-05-19 15:21:24,211 - vector_store - INFO - Коллекция trends уже существует
2025-05-19 15:21:24,799 - trend_analyzer - INFO - TrendAnalyzer инициализирован
2025-05-19 15:21:26,386 - main - INFO - Starting bot...
2025-05-19 15:21:45,019 - vector_store - INFO - Найдено 1 уникальных категорий
2025-05-19 15:23:05,299 - vector_store - INFO - Начало поиска векторов
2025-05-19 15:23:05,299 - vector_store - INFO - Категория: Видеоигры
2025-05-19 15:23:05,300 - vector_store - INFO - Период: 2025-05-10 00:00:00 - 2025-05-11 00:00:00
2025-05-19 15:23:05,300 - vector_store - INFO - Смещение: 0, Лимит: 100
2025-05-19 15:23:05,324 - vector_store - INFO - Найдено 100 результатов
2025-05-19 15:30:33,227 - vector_store - INFO - Найдено 1 уникальных категорий
2025-05-19 15:31:19,412 - trend_analyzer - INFO - Извлеченные ключевые слова: ['1. Основные темы и тренды  \nновые игры', 'тенденции', 'мир игр  \n\n2. Ключевые инсайты  \n- Пользователь интересуется актуальной информацией о новинках в игровой индустрии.  \n- Внимание сосредоточено на современных трендах', 'а не на исторических или классических играх.  \n\n3. Рекомендации  \n- Собрать данные о последних релизах и популярных игровых жанрах.  \n- Изучить отчеты и аналитику по игровым трендам (например', 'рост популярности VR', 'облачного гейминга', 'инди-игр).  \n- Уделить внимание кросс-платформенности и технологическим инновациям (AI', 'метавселенные).  \n\n4. Потенциальные риски  \n- Быстрое устаревание информации из-за динамичного развития индустрии.  \n- Субъективность оценок и предпочтений в игровом сообществе.  \n- Возможная перегрузка техническими деталями', 'если пользователь не глубоко погружен в тему.  \n\nКлючевые слова из запроса:  \nновые игры', 'тенденции', 'мир игр']
2025-05-19 15:31:19,635 - vector_store - INFO - Начало поиска векторов
2025-05-19 15:31:19,635 - vector_store - INFO - Категория: Видеоигры
2025-05-19 15:31:19,635 - vector_store - INFO - Период: 2025-05-10 00:00:00 - 2025-05-11 00:00:00
2025-05-19 15:31:19,636 - vector_store - INFO - Смещение: 0, Лимит: 50
2025-05-19 15:31:19,646 - vector_store - INFO - Найдено 50 результатов
2025-05-19 15:31:19,646 - vector_store - INFO - Начало поиска векторов
2025-05-19 15:31:19,647 - vector_store - INFO - Категория: Видеоигры
2025-05-19 15:31:19,647 - vector_store - INFO - Период: 2025-05-10 00:00:00 - 2025-05-11 00:00:00
2025-05-19 15:31:19,647 - vector_store - INFO - Смещение: 0, Лимит: 50
2025-05-19 15:31:19,657 - vector_store - INFO - Найдено 50 результатов
2025-05-19 15:31:19,657 - vector_store - INFO - Начало поиска векторов
2025-05-19 15:31:19,658 - vector_store - INFO - Категория: Видеоигры
2025-05-19 15:31:19,658 - vector_store - INFO - Период: 2025-05-10 00:00:00 - 2025-05-11 00:00:00
2025-05-19 15:31:19,658 - vector_store - INFO - Смещение: 0, Лимит: 50
2025-05-19 15:31:19,671 - vector_store - INFO - Найдено 50 результатов
2025-05-19 15:31:19,671 - vector_store - INFO - Начало поиска векторов
2025-05-19 15:31:19,672 - vector_store - INFO - Категория: Видеоигры
2025-05-19 15:31:19,672 - vector_store - INFO - Период: 2025-05-10 00:00:00 - 2025-05-11 00:00:00
2025-05-19 15:31:19,673 - vector_store - INFO - Смещение: 0, Лимит: 50
2025-05-19 15:31:19,685 - vector_store - INFO - Найдено 50 результатов
2025-05-19 15:31:19,686 - vector_store - INFO - Начало поиска векторов
2025-05-19 15:31:19,687 - vector_store - INFO - Категория: Видеоигры
2025-05-19 15:31:19,687 - vector_store - INFO - Период: 2025-05-10 00:00:00 - 2025-05-11 00:00:00
2025-05-19 15:31:19,688 - vector_store - INFO - Смещение: 0, Лимит: 50
2025-05-19 15:31:19,699 - vector_store - INFO - Найдено 50 результатов
2025-05-19 15:31:19,699 - vector_store - INFO - Начало поиска векторов
2025-05-19 15:31:19,700 - vector_store - INFO - Категория: Видеоигры
2025-05-19 15:31:19,700 - vector_store - INFO - Период: 2025-05-10 00:00:00 - 2025-05-11 00:00:00
2025-05-19 15:31:19,700 - vector_store - INFO - Смещение: 0, Лимит: 50
2025-05-19 15:31:19,712 - vector_store - INFO - Найдено 50 результатов
2025-05-19 15:31:19,713 - vector_store - INFO - Начало поиска векторов
2025-05-19 15:31:19,714 - vector_store - INFO - Категория: Видеоигры
2025-05-19 15:31:19,714 - vector_store - INFO - Период: 2025-05-10 00:00:00 - 2025-05-11 00:00:00
2025-05-19 15:31:19,714 - vector_store - INFO - Смещение: 0, Лимит: 50
2025-05-19 15:31:19,726 - vector_store - INFO - Найдено 50 результатов
2025-05-19 15:31:19,727 - vector_store - INFO - Начало поиска векторов
2025-05-19 15:31:19,727 - vector_store - INFO - Категория: Видеоигры
2025-05-19 15:31:19,727 - vector_store - INFO - Период: 2025-05-10 00:00:00 - 2025-05-11 00:00:00
2025-05-19 15:31:19,728 - vector_store - INFO - Смещение: 0, Лимит: 50
2025-05-19 15:31:19,736 - vector_store - INFO - Найдено 50 результатов
2025-05-19 15:31:19,737 - vector_store - INFO - Начало поиска векторов
2025-05-19 15:31:19,737 - vector_store - INFO - Категория: Видеоигры
2025-05-19 15:31:19,738 - vector_store - INFO - Период: 2025-05-10 00:00:00 - 2025-05-11 00:00:00
2025-05-19 15:31:19,738 - vector_store - INFO - Смещение: 0, Лимит: 50
2025-05-19 15:31:19,747 - vector_store - INFO - Найдено 50 результатов
2025-05-19 15:31:19,747 - vector_store - INFO - Начало поиска векторов
2025-05-19 15:31:19,747 - vector_store - INFO - Категория: Видеоигры
2025-05-19 15:31:19,748 - vector_store - INFO - Период: 2025-05-10 00:00:00 - 2025-05-11 00:00:00
2025-05-19 15:31:19,748 - vector_store - INFO - Смещение: 0, Лимит: 50
2025-05-19 15:31:19,756 - vector_store - INFO - Найдено 50 результатов
2025-05-19 15:31:19,756 - vector_store - INFO - Начало поиска векторов
2025-05-19 15:31:19,757 - vector_store - INFO - Категория: Видеоигры
2025-05-19 15:31:19,758 - vector_store - INFO - Период: 2025-05-10 00:00:00 - 2025-05-11 00:00:00
2025-05-19 15:31:19,758 - vector_store - INFO - Смещение: 0, Лимит: 50
2025-05-19 15:31:19,767 - vector_store - INFO - Найдено 50 результатов
2025-05-19 20:40:42,406 - vector_store - INFO - Коллекция trends уже существует
2025-05-19 20:40:54,660 - vector_store - INFO - Коллекция trends уже существует
2025-05-19 20:40:55,236 - trend_analyzer - INFO - TrendAnalyzer инициализирован
2025-05-19 20:40:56,826 - main - INFO - Starting bot...
2025-05-19 20:41:45,992 - vector_store - INFO - Найдено 1 уникальных категорий
2025-05-19 20:42:29,590 - trend_analyzer - INFO - Извлеченные ключевые слова: ['1. Основные темы и тренды  \n   - Тренды', 'CS:GO  \n\n2. Ключевые инсайты  \n   - Запрос сфокусирован на актуальных тенденциях в CS:GO.  \n\n3. Рекомендации  \n   - Изучить последние обновления игры', 'изменения в мета-игре', 'популярные тактики и стратегии.  \n   - Проанализировать активность киберспортивной сцены (турниры', 'составы команд', 'патчи).  \n\n4. Потенциальные риски  \n   - Недостаточно данных в запросе для глубокого анализа (например', 'временной период или конкретные аспекты трендов).  \n   - Возможны изменения в игре', 'которые могут быстро устареть из-за частых обновлений.  \n\nКлючевые слова: тренды', 'CS:GO']
2025-05-19 20:42:29,733 - vector_store - INFO - Начало поиска векторов
2025-05-19 20:42:29,733 - vector_store - INFO - Категория: Видеоигры
2025-05-19 20:42:29,733 - vector_store - INFO - Период: 2025-05-10 00:00:00 - 2025-05-11 00:00:00
2025-05-19 20:42:29,734 - vector_store - INFO - Смещение: 0, Лимит: None
2025-05-19 20:42:29,735 - vector_store - ERROR - Ошибка при поиске векторов: 1 validation error for SearchRequest
limit
  Input should be a valid integer [type=int_type, input_value=None, input_type=NoneType]
    For further information visit https://errors.pydantic.dev/2.11/v/int_type
2025-05-19 20:42:29,736 - vector_store - INFO - Начало поиска векторов
2025-05-19 20:42:29,736 - vector_store - INFO - Категория: Видеоигры
2025-05-19 20:42:29,737 - vector_store - INFO - Период: 2025-05-10 00:00:00 - 2025-05-11 00:00:00
2025-05-19 20:42:29,737 - vector_store - INFO - Смещение: 0, Лимит: None
2025-05-19 20:42:29,738 - vector_store - ERROR - Ошибка при поиске векторов: 1 validation error for SearchRequest
limit
  Input should be a valid integer [type=int_type, input_value=None, input_type=NoneType]
    For further information visit https://errors.pydantic.dev/2.11/v/int_type
2025-05-19 20:42:29,739 - vector_store - INFO - Начало поиска векторов
2025-05-19 20:42:29,739 - vector_store - INFO - Категория: Видеоигры
2025-05-19 20:42:29,740 - vector_store - INFO - Период: 2025-05-10 00:00:00 - 2025-05-11 00:00:00
2025-05-19 20:42:29,741 - vector_store - INFO - Смещение: 0, Лимит: None
2025-05-19 20:42:29,741 - vector_store - ERROR - Ошибка при поиске векторов: 1 validation error for SearchRequest
limit
  Input should be a valid integer [type=int_type, input_value=None, input_type=NoneType]
    For further information visit https://errors.pydantic.dev/2.11/v/int_type
2025-05-19 20:42:29,743 - vector_store - INFO - Начало поиска векторов
2025-05-19 20:42:29,744 - vector_store - INFO - Категория: Видеоигры
2025-05-19 20:42:29,745 - vector_store - INFO - Период: 2025-05-10 00:00:00 - 2025-05-11 00:00:00
2025-05-19 20:42:29,746 - vector_store - INFO - Смещение: 0, Лимит: None
2025-05-19 20:42:29,746 - vector_store - ERROR - Ошибка при поиске векторов: 1 validation error for SearchRequest
limit
  Input should be a valid integer [type=int_type, input_value=None, input_type=NoneType]
    For further information visit https://errors.pydantic.dev/2.11/v/int_type
2025-05-19 20:42:29,748 - vector_store - INFO - Начало поиска векторов
2025-05-19 20:42:29,748 - vector_store - INFO - Категория: Видеоигры
2025-05-19 20:42:29,749 - vector_store - INFO - Период: 2025-05-10 00:00:00 - 2025-05-11 00:00:00
2025-05-19 20:42:29,749 - vector_store - INFO - Смещение: 0, Лимит: None
2025-05-19 20:42:29,750 - vector_store - ERROR - Ошибка при поиске векторов: 1 validation error for SearchRequest
limit
  Input should be a valid integer [type=int_type, input_value=None, input_type=NoneType]
    For further information visit https://errors.pydantic.dev/2.11/v/int_type
2025-05-19 20:42:29,751 - vector_store - INFO - Начало поиска векторов
2025-05-19 20:42:29,752 - vector_store - INFO - Категория: Видеоигры
2025-05-19 20:42:29,752 - vector_store - INFO - Период: 2025-05-10 00:00:00 - 2025-05-11 00:00:00
2025-05-19 20:42:29,753 - vector_store - INFO - Смещение: 0, Лимит: None
2025-05-19 20:42:29,754 - vector_store - ERROR - Ошибка при поиске векторов: 1 validation error for SearchRequest
limit
  Input should be a valid integer [type=int_type, input_value=None, input_type=NoneType]
    For further information visit https://errors.pydantic.dev/2.11/v/int_type
2025-05-19 20:42:29,755 - vector_store - INFO - Начало поиска векторов
2025-05-19 20:42:29,756 - vector_store - INFO - Категория: Видеоигры
2025-05-19 20:42:29,756 - vector_store - INFO - Период: 2025-05-10 00:00:00 - 2025-05-11 00:00:00
2025-05-19 20:42:29,757 - vector_store - INFO - Смещение: 0, Лимит: None
2025-05-19 20:42:29,758 - vector_store - ERROR - Ошибка при поиске векторов: 1 validation error for SearchRequest
limit
  Input should be a valid integer [type=int_type, input_value=None, input_type=NoneType]
    For further information visit https://errors.pydantic.dev/2.11/v/int_type
2025-05-19 20:42:29,759 - vector_store - INFO - Начало поиска векторов
2025-05-19 20:42:29,760 - vector_store - INFO - Категория: Видеоигры
2025-05-19 20:42:29,760 - vector_store - INFO - Период: 2025-05-10 00:00:00 - 2025-05-11 00:00:00
2025-05-19 20:42:29,761 - vector_store - INFO - Смещение: 0, Лимит: None
2025-05-19 20:42:29,761 - vector_store - ERROR - Ошибка при поиске векторов: 1 validation error for SearchRequest
limit
  Input should be a valid integer [type=int_type, input_value=None, input_type=NoneType]
    For further information visit https://errors.pydantic.dev/2.11/v/int_type
2025-05-19 20:42:29,762 - vector_store - INFO - Начало поиска векторов
2025-05-19 20:42:29,763 - vector_store - INFO - Категория: Видеоигры
2025-05-19 20:42:29,763 - vector_store - INFO - Период: 2025-05-10 00:00:00 - 2025-05-11 00:00:00
2025-05-19 20:42:29,764 - vector_store - INFO - Смещение: 0, Лимит: None
2025-05-19 20:42:29,764 - vector_store - ERROR - Ошибка при поиске векторов: 1 validation error for SearchRequest
limit
  Input should be a valid integer [type=int_type, input_value=None, input_type=NoneType]
    For further information visit https://errors.pydantic.dev/2.11/v/int_type
2025-05-19 20:44:30,823 - vector_store - INFO - Коллекция trends уже существует
2025-05-19 20:44:43,420 - vector_store - INFO - Коллекция trends уже существует
2025-05-19 20:44:44,012 - trend_analyzer - INFO - TrendAnalyzer инициализирован
2025-05-19 20:44:45,509 - main - INFO - Starting bot...
2025-05-19 20:44:59,892 - vector_store - INFO - Найдено 1 уникальных категорий
2025-05-19 20:45:37,758 - trend_analyzer - INFO - Извлеченные ключевые слова: ['1. Основные темы и тренды  \n   - CS:GO  \n   - Тренды  \n\n2. Ключевые инсайты  \n   - Запрос сфокусирован на актуальных тенденциях в CS:GO.  \n\n3. Рекомендации  \n   - Анализировать последние обновления игры.  \n   - Изучить изменения в мета-игре и тактиках.  \n   - Отслеживать популярность карт и оружия.  \n   - Учитывать влияние киберспортивных турниров на тренды.  \n\n4. Потенциальные риски  \n   - Быстрое изменение трендов из-за патчей.  \n   - Субъективность в оценке трендов.  \n   - Ограниченность данных по нишевым аспектам игры.']
2025-05-19 20:45:37,818 - vector_store - INFO - Начало поиска векторов
2025-05-19 20:45:37,819 - vector_store - INFO - Категория: Видеоигры
2025-05-19 20:45:37,819 - vector_store - INFO - Период: 2025-05-10 00:00:00 - 2025-05-11 00:00:00
2025-05-19 20:45:37,820 - vector_store - INFO - Смещение: 0, Лимит: 1000000
2025-05-19 20:45:37,876 - vector_store - INFO - Найдено 201 результатов
